0 info it worked if it ends with ok
1 verbose cli [ '/usr/local/bin/node', '/usr/local/bin/npm', 'start' ]
2 info using npm@3.10.10
3 info using node@v6.4.0
4 verbose run-script [ 'prestart', 'start', 'poststart' ]
5 info lifecycle elm-webpack-starter@0.8.4~prestart: elm-webpack-starter@0.8.4
6 silly lifecycle elm-webpack-starter@0.8.4~prestart: no script for prestart, continuing
7 info lifecycle elm-webpack-starter@0.8.4~start: elm-webpack-starter@0.8.4
8 verbose lifecycle elm-webpack-starter@0.8.4~start: unsafe-perm in lifecycle true
9 verbose lifecycle elm-webpack-starter@0.8.4~start: PATH: /usr/local/lib/node_modules/npm/bin/node-gyp-bin:/Users/misoton/work/elm/dim2graph/node_modules/.bin:/Users/misoton/Downloads/google-cloud-sdk/bin:/Users/misoton/.rbenv/shims:/Users/misoton/.rbenv/bin:/usr/local/heroku/bin:/Users/misoton/.cargo/bin:/Users/misoton/.cargo/bin:/usr/local/bin:/usr/bin:/bin:/usr/sbin:/sbin:/opt/X11/bin:/usr/texbin:/usr/local/lib/node_modules:/Users/misoton/go/bin:/usr/local/opt/android-sdk-macosx/tools:/usr/local/opt/android-sdk-macosx/platform-tools:/usr/local/opt/hello:/Users/misoton/.pub-cache/bin:/opt/local/bin:/opt/local/sbin:/Developer/usr/bin:/usr/local/bin/k/bin:/usr/local/bin/scalajs/bin:/Users/misoton/Library/Haskell/bin:/Users/misoton/.cabal/bin:/Applications/SWI-Prolog.app/Contents/MacOS
10 verbose lifecycle elm-webpack-starter@0.8.4~start: CWD: /Users/misoton/work/elm/dim2graph
11 silly lifecycle elm-webpack-starter@0.8.4~start: Args: [ '-c', 'webpack-dev-server --hot --inline' ]
12 silly lifecycle elm-webpack-starter@0.8.4~start: Returned: code: 1  signal: null
13 info lifecycle elm-webpack-starter@0.8.4~start: Failed to exec start script
14 verbose stack Error: elm-webpack-starter@0.8.4 start: `webpack-dev-server --hot --inline`
14 verbose stack Exit status 1
14 verbose stack     at EventEmitter.<anonymous> (/usr/local/lib/node_modules/npm/lib/utils/lifecycle.js:255:16)
14 verbose stack     at emitTwo (events.js:106:13)
14 verbose stack     at EventEmitter.emit (events.js:191:7)
14 verbose stack     at ChildProcess.<anonymous> (/usr/local/lib/node_modules/npm/lib/utils/spawn.js:40:14)
14 verbose stack     at emitTwo (events.js:106:13)
14 verbose stack     at ChildProcess.emit (events.js:191:7)
14 verbose stack     at maybeClose (internal/child_process.js:852:16)
14 verbose stack     at Process.ChildProcess._handle.onexit (internal/child_process.js:215:5)
15 verbose pkgid elm-webpack-starter@0.8.4
16 verbose cwd /Users/misoton/work/elm/dim2graph
17 error Darwin 16.4.0
18 error argv "/usr/local/bin/node" "/usr/local/bin/npm" "start"
19 error node v6.4.0
20 error npm  v3.10.10
21 error code ELIFECYCLE
22 error elm-webpack-starter@0.8.4 start: `webpack-dev-server --hot --inline`
22 error Exit status 1
23 error Failed at the elm-webpack-starter@0.8.4 start script 'webpack-dev-server --hot --inline'.
23 error Make sure you have the latest version of node.js and npm installed.
23 error If you do, this is most likely a problem with the elm-webpack-starter package,
23 error not with npm itself.
23 error Tell the author that this fails on your system:
23 error     webpack-dev-server --hot --inline
23 error You can get information on how to open an issue for this project with:
23 error     npm bugs elm-webpack-starter
23 error Or if that isn't available, you can get their info via:
23 error     npm owner ls elm-webpack-starter
23 error There is likely additional logging output above.
24 verbose exit [ 1, true ]
